<?xml version="1.0" encoding="UTF-8"?>
<!-- Generated by org.testng.reporters.JUnitReportReporter -->
<testsuite hostname="DESKTOP-BV6GRFS" failures="0" tests="1" name="JsonProject.JsonData" time="5.639" errors="0" timestamp="2023-05-27T12:29:05 IST" skipped="0">
  <testcase classname="JsonProject.JsonData" name="login" time="5.639"/>
  <system-out/>
</testsuite> <!-- JsonProject.JsonData -->
